<?xml version="1.0" encoding="UTF-8"?>
<coverage generated="1715183427341" clover="3.2.0">
  <project timestamp="1715183427341" name="All files">
    <metrics statements="43" coveredstatements="43" conditionals="34" coveredconditionals="30" methods="8" coveredmethods="8" elements="85" coveredelements="81" complexity="0" loc="43" ncloc="43" packages="1" files="2" classes="2"/>
    <file name="Card.js" path="/Users/kalyan/Desktop/card game_kalyan/Card.js">
      <metrics statements="2" coveredstatements="2" conditionals="0" coveredconditionals="0" methods="2" coveredmethods="2"/>
      <line num="4" count="7" type="stmt"/>
      <line num="9" count="13" type="stmt"/>
    </file>
    <file name="CardGame.js" path="/Users/kalyan/Desktop/card game_kalyan/CardGame.js">
      <metrics statements="41" coveredstatements="41" conditionals="34" coveredconditionals="30" methods="6" coveredmethods="6"/>
      <line num="8" count="11" type="stmt"/>
      <line num="9" count="11" type="stmt"/>
      <line num="10" count="11" type="stmt"/>
      <line num="11" count="11" type="stmt"/>
      <line num="12" count="11" type="stmt"/>
      <line num="13" count="11" type="stmt"/>
      <line num="14" count="11" type="stmt"/>
      <line num="18" count="11" type="stmt"/>
      <line num="19" count="1" type="stmt"/>
      <line num="20" count="1" type="stmt"/>
      <line num="21" count="1" type="stmt"/>
      <line num="30" count="5" type="stmt"/>
      <line num="32" count="5" type="stmt"/>
      <line num="34" count="5" type="stmt"/>
      <line num="36" count="5" type="cond" truecount="4" falsecount="0"/>
      <line num="37" count="1" type="stmt"/>
      <line num="38" count="1" type="cond" truecount="1" falsecount="1"/>
      <line num="39" count="4" type="cond" truecount="4" falsecount="0"/>
      <line num="40" count="1" type="stmt"/>
      <line num="41" count="1" type="cond" truecount="1" falsecount="1"/>
      <line num="43" count="3" type="stmt"/>
      <line num="44" count="3" type="cond" truecount="2" falsecount="0"/>
      <line num="45" count="1" type="stmt"/>
      <line num="47" count="3" type="cond" truecount="2" falsecount="0"/>
      <line num="48" count="1" type="stmt"/>
      <line num="57" count="7" type="cond" truecount="2" falsecount="0"/>
      <line num="58" count="1" type="stmt"/>
      <line num="59" count="6" type="cond" truecount="2" falsecount="0"/>
      <line num="60" count="1" type="stmt"/>
      <line num="68" count="6" type="cond" truecount="4" falsecount="0"/>
      <line num="69" count="1" type="stmt"/>
      <line num="70" count="1" type="stmt"/>
      <line num="71" count="5" type="cond" truecount="1" falsecount="1"/>
      <line num="72" count="5" type="stmt"/>
      <line num="73" count="5" type="stmt"/>
      <line num="78" count="3" type="cond" truecount="3" falsecount="1"/>
      <line num="79" count="3" type="cond" truecount="2" falsecount="0"/>
      <line num="80" count="1" type="stmt"/>
      <line num="81" count="2" type="cond" truecount="2" falsecount="0"/>
      <line num="82" count="1" type="stmt"/>
      <line num="84" count="1" type="stmt"/>
    </file>
  </project>
</coverage>
