{"/Users/kalyan/Desktop/card game_kalyan/Card.js": {"path":"/Users/kalyan/Desktop/card game_kalyan/Card.js","statementMap":{"0":{"start":{"line":4,"column":8},"end":{"line":4,"column":27}},"1":{"start":{"line":9,"column":8},"end":{"line":9,"column":26}}},"fnMap":{"0":{"name":"(anonymous_0)","decl":{"start":{"line":3,"column":4},"end":{"line":3,"column":5}},"loc":{"start":{"line":3,"column":23},"end":{"line":6,"column":5}},"line":3},"1":{"name":"(anonymous_1)","decl":{"start":{"line":8,"column":4},"end":{"line":8,"column":5}},"loc":{"start":{"line":8,"column":19},"end":{"line":18,"column":5}},"line":8}},"branchMap":{},"s":{"0":7,"1":13},"f":{"0":7,"1":13},"b":{},"_coverageSchema":"1a1c01bbd47fc00a2c39e90264f33305004495a9","hash":"c13a8819def9bdbfc8f0e26d9ec1b618c04460dc"}
,"/Users/kalyan/Desktop/card game_kalyan/CardGame.js": {"path":"/Users/kalyan/Desktop/card game_kalyan/CardGame.js","statementMap":{"0":{"start":{"line":8,"column":8},"end":{"line":8,"column":25}},"1":{"start":{"line":9,"column":8},"end":{"line":9,"column":27}},"2":{"start":{"line":10,"column":8},"end":{"line":10,"column":31}},"3":{"start":{"line":11,"column":8},"end":{"line":11,"column":32}},"4":{"start":{"line":12,"column":8},"end":{"line":12,"column":32}},"5":{"start":{"line":13,"column":8},"end":{"line":13,"column":36}},"6":{"start":{"line":14,"column":8},"end":{"line":14,"column":32}},"7":{"start":{"line":18,"column":16},"end":{"line":22,"column":5}},"8":{"start":{"line":19,"column":23},"end":{"line":19,"column":61}},"9":{"start":{"line":20,"column":12},"end":{"line":20,"column":39}},"10":{"start":{"line":21,"column":12},"end":{"line":21,"column":47}},"11":{"start":{"line":30,"column":8},"end":{"line":30,"column":34}},"12":{"start":{"line":32,"column":8},"end":{"line":32,"column":32}},"13":{"start":{"line":34,"column":8},"end":{"line":34,"column":91}},"14":{"start":{"line":36,"column":8},"end":{"line":50,"column":9}},"15":{"start":{"line":37,"column":12},"end":{"line":37,"column":35}},"16":{"start":{"line":38,"column":12},"end":{"line":38,"column":77}},"17":{"start":{"line":39,"column":15},"end":{"line":50,"column":9}},"18":{"start":{"line":40,"column":12},"end":{"line":40,"column":35}},"19":{"start":{"line":41,"column":12},"end":{"line":41,"column":77}},"20":{"start":{"line":43,"column":12},"end":{"line":43,"column":41}},"21":{"start":{"line":44,"column":12},"end":{"line":46,"column":13}},"22":{"start":{"line":45,"column":16},"end":{"line":45,"column":39}},"23":{"start":{"line":47,"column":12},"end":{"line":49,"column":13}},"24":{"start":{"line":48,"column":16},"end":{"line":48,"column":43}},"25":{"start":{"line":57,"column":8},"end":{"line":61,"column":9}},"26":{"start":{"line":58,"column":12},"end":{"line":58,"column":52}},"27":{"start":{"line":59,"column":15},"end":{"line":61,"column":9}},"28":{"start":{"line":60,"column":12},"end":{"line":60,"column":56}},"29":{"start":{"line":68,"column":8},"end":{"line":74,"column":9}},"30":{"start":{"line":69,"column":12},"end":{"line":69,"column":100}},"31":{"start":{"line":70,"column":12},"end":{"line":70,"column":66}},"32":{"start":{"line":71,"column":15},"end":{"line":74,"column":9}},"33":{"start":{"line":72,"column":12},"end":{"line":72,"column":104}},"34":{"start":{"line":73,"column":12},"end":{"line":73,"column":74}},"35":{"start":{"line":78,"column":8},"end":{"line":86,"column":9}},"36":{"start":{"line":79,"column":12},"end":{"line":85,"column":13}},"37":{"start":{"line":80,"column":16},"end":{"line":80,"column":46}},"38":{"start":{"line":81,"column":19},"end":{"line":85,"column":13}},"39":{"start":{"line":82,"column":16},"end":{"line":82,"column":50}},"40":{"start":{"line":84,"column":16},"end":{"line":84,"column":42}}},"fnMap":{"0":{"name":"(anonymous_0)","decl":{"start":{"line":6,"column":4},"end":{"line":6,"column":5}},"loc":{"start":{"line":6,"column":18},"end":{"line":15,"column":5}},"line":6},"1":{"name":"(anonymous_1)","decl":{"start":{"line":18,"column":16},"end":{"line":18,"column":17}},"loc":{"start":{"line":18,"column":22},"end":{"line":22,"column":5}},"line":18},"2":{"name":"(anonymous_2)","decl":{"start":{"line":29,"column":4},"end":{"line":29,"column":5}},"loc":{"start":{"line":29,"column":26},"end":{"line":51,"column":5}},"line":29},"3":{"name":"(anonymous_3)","decl":{"start":{"line":56,"column":4},"end":{"line":56,"column":5}},"loc":{"start":{"line":56,"column":25},"end":{"line":62,"column":5}},"line":56},"4":{"name":"(anonymous_4)","decl":{"start":{"line":67,"column":4},"end":{"line":67,"column":5}},"loc":{"start":{"line":67,"column":23},"end":{"line":75,"column":5}},"line":67},"5":{"name":"(anonymous_5)","decl":{"start":{"line":77,"column":4},"end":{"line":77,"column":5}},"loc":{"start":{"line":77,"column":26},"end":{"line":87,"column":5}},"line":77}},"branchMap":{"0":{"loc":{"start":{"line":36,"column":8},"end":{"line":50,"column":9}},"type":"if","locations":[{"start":{"line":36,"column":8},"end":{"line":50,"column":9}},{"start":{"line":39,"column":15},"end":{"line":50,"column":9}}],"line":36},"1":{"loc":{"start":{"line":36,"column":11},"end":{"line":36,"column":61}},"type":"binary-expr","locations":[{"start":{"line":36,"column":11},"end":{"line":36,"column":32}},{"start":{"line":36,"column":36},"end":{"line":36,"column":61}}],"line":36},"2":{"loc":{"start":{"line":38,"column":24},"end":{"line":38,"column":75}},"type":"cond-expr","locations":[{"start":{"line":38,"column":48},"end":{"line":38,"column":58}},{"start":{"line":38,"column":61},"end":{"line":38,"column":75}}],"line":38},"3":{"loc":{"start":{"line":39,"column":15},"end":{"line":50,"column":9}},"type":"if","locations":[{"start":{"line":39,"column":15},"end":{"line":50,"column":9}},{"start":{"line":42,"column":15},"end":{"line":50,"column":9}}],"line":39},"4":{"loc":{"start":{"line":39,"column":19},"end":{"line":39,"column":65}},"type":"binary-expr","locations":[{"start":{"line":39,"column":19},"end":{"line":39,"column":38}},{"start":{"line":39,"column":42},"end":{"line":39,"column":65}}],"line":39},"5":{"loc":{"start":{"line":41,"column":24},"end":{"line":41,"column":75}},"type":"cond-expr","locations":[{"start":{"line":41,"column":46},"end":{"line":41,"column":57}},{"start":{"line":41,"column":60},"end":{"line":41,"column":75}}],"line":41},"6":{"loc":{"start":{"line":44,"column":12},"end":{"line":46,"column":13}},"type":"if","locations":[{"start":{"line":44,"column":12},"end":{"line":46,"column":13}},{"start":{},"end":{}}],"line":44},"7":{"loc":{"start":{"line":47,"column":12},"end":{"line":49,"column":13}},"type":"if","locations":[{"start":{"line":47,"column":12},"end":{"line":49,"column":13}},{"start":{},"end":{}}],"line":47},"8":{"loc":{"start":{"line":57,"column":8},"end":{"line":61,"column":9}},"type":"if","locations":[{"start":{"line":57,"column":8},"end":{"line":61,"column":9}},{"start":{"line":59,"column":15},"end":{"line":61,"column":9}}],"line":57},"9":{"loc":{"start":{"line":59,"column":15},"end":{"line":61,"column":9}},"type":"if","locations":[{"start":{"line":59,"column":15},"end":{"line":61,"column":9}},{"start":{},"end":{}}],"line":59},"10":{"loc":{"start":{"line":68,"column":8},"end":{"line":74,"column":9}},"type":"if","locations":[{"start":{"line":68,"column":8},"end":{"line":74,"column":9}},{"start":{"line":71,"column":15},"end":{"line":74,"column":9}}],"line":68},"11":{"loc":{"start":{"line":68,"column":11},"end":{"line":68,"column":46}},"type":"binary-expr","locations":[{"start":{"line":68,"column":11},"end":{"line":68,"column":26}},{"start":{"line":68,"column":30},"end":{"line":68,"column":46}}],"line":68},"12":{"loc":{"start":{"line":71,"column":15},"end":{"line":74,"column":9}},"type":"if","locations":[{"start":{"line":71,"column":15},"end":{"line":74,"column":9}},{"start":{},"end":{}}],"line":71},"13":{"loc":{"start":{"line":78,"column":8},"end":{"line":86,"column":9}},"type":"if","locations":[{"start":{"line":78,"column":8},"end":{"line":86,"column":9}},{"start":{},"end":{}}],"line":78},"14":{"loc":{"start":{"line":78,"column":11},"end":{"line":78,"column":49}},"type":"binary-expr","locations":[{"start":{"line":78,"column":11},"end":{"line":78,"column":30}},{"start":{"line":78,"column":34},"end":{"line":78,"column":49}}],"line":78},"15":{"loc":{"start":{"line":79,"column":12},"end":{"line":85,"column":13}},"type":"if","locations":[{"start":{"line":79,"column":12},"end":{"line":85,"column":13}},{"start":{"line":81,"column":19},"end":{"line":85,"column":13}}],"line":79},"16":{"loc":{"start":{"line":81,"column":19},"end":{"line":85,"column":13}},"type":"if","locations":[{"start":{"line":81,"column":19},"end":{"line":85,"column":13}},{"start":{"line":83,"column":19},"end":{"line":85,"column":13}}],"line":81}},"s":{"0":11,"1":11,"2":11,"3":11,"4":11,"5":11,"6":11,"7":11,"8":1,"9":1,"10":1,"11":5,"12":5,"13":5,"14":5,"15":1,"16":1,"17":4,"18":1,"19":1,"20":3,"21":3,"22":1,"23":3,"24":1,"25":7,"26":1,"27":6,"28":1,"29":6,"30":1,"31":1,"32":5,"33":5,"34":5,"35":3,"36":3,"37":1,"38":2,"39":1,"40":1},"f":{"0":11,"1":1,"2":5,"3":7,"4":6,"5":3},"b":{"0":[1,4],"1":[5,4],"2":[1,0],"3":[1,3],"4":[4,3],"5":[1,0],"6":[1,2],"7":[1,2],"8":[1,6],"9":[1,5],"10":[1,5],"11":[6,1],"12":[5,0],"13":[3,0],"14":[3,3],"15":[1,2],"16":[1,1]},"_coverageSchema":"1a1c01bbd47fc00a2c39e90264f33305004495a9","hash":"ddb912d72e3a572f894a83b2143b3c8db00a5f07"}
}
