TN:
SF:Card.js
FN:3,(anonymous_0)
FN:8,(anonymous_1)
FNF:2
FNH:2
FNDA:6,(anonymous_0)
FNDA:12,(anonymous_1)
DA:4,6
DA:9,12
LF:2
LH:2
BRF:0
BRH:0
end_of_record
TN:
SF:CardGame.js
FN:6,(anonymous_0)
FN:18,(anonymous_1)
FN:29,(anonymous_2)
FN:56,(anonymous_3)
FN:67,(anonymous_4)
FN:77,(anonymous_5)
FNF:6
FNH:6
FNDA:11,(anonymous_0)
FNDA:1,(anonymous_1)
FNDA:5,(anonymous_2)
FNDA:7,(anonymous_3)
FNDA:6,(anonymous_4)
FNDA:3,(anonymous_5)
DA:8,11
DA:9,11
DA:10,11
DA:11,11
DA:12,11
DA:13,11
DA:14,11
DA:18,11
DA:19,1
DA:20,1
DA:21,1
DA:30,5
DA:32,5
DA:34,5
DA:36,5
DA:37,1
DA:38,1
DA:39,4
DA:40,1
DA:41,1
DA:43,3
DA:44,3
DA:45,1
DA:47,3
DA:48,1
DA:57,7
DA:58,1
DA:59,6
DA:60,1
DA:68,6
DA:69,1
DA:70,1
DA:71,5
DA:72,5
DA:73,5
DA:78,3
DA:79,3
DA:80,1
DA:81,2
DA:82,1
DA:84,1
LF:41
LH:41
BRDA:36,0,0,1
BRDA:36,0,1,4
BRDA:36,1,0,5
BRDA:36,1,1,4
BRDA:38,2,0,1
BRDA:38,2,1,0
BRDA:39,3,0,1
BRDA:39,3,1,3
BRDA:39,4,0,4
BRDA:39,4,1,3
BRDA:41,5,0,1
BRDA:41,5,1,0
BRDA:44,6,0,1
BRDA:44,6,1,2
BRDA:47,7,0,1
BRDA:47,7,1,2
BRDA:57,8,0,1
BRDA:57,8,1,6
BRDA:59,9,0,1
BRDA:59,9,1,5
BRDA:68,10,0,1
BRDA:68,10,1,5
BRDA:68,11,0,6
BRDA:68,11,1,1
BRDA:71,12,0,5
BRDA:71,12,1,0
BRDA:78,13,0,3
BRDA:78,13,1,0
BRDA:78,14,0,3
BRDA:78,14,1,3
BRDA:79,15,0,1
BRDA:79,15,1,2
BRDA:81,16,0,1
BRDA:81,16,1,1
BRF:34
BRH:30
end_of_record
